2021-02-06 03:39:49,804:INFO:PyCaret Supervised Module
2021-02-06 03:39:49,807:INFO:ML Usecase: regression
2021-02-06 03:39:49,812:INFO:version 2.2.3
2021-02-06 03:39:49,814:INFO:Initializing setup()
2021-02-06 03:39:49,816:INFO:setup(target=medv, ml_usecase=regression, available_plots={'parameter': 'Hyperparameters', 'residuals': 'Residuals', 'error': 'Prediction Error', 'cooks': 'Cooks Distance', 'rfe': 'Feature Selection', 'learning': 'Learning Curve', 'manifold': 'Manifold Learning', 'vc': 'Validation Curve', 'feature': 'Feature Importance', 'feature_all': 'Feature Importance (All)', 'tree': 'Decision Tree'}, train_size=0.7, test_data=None, preprocess=True, imputation_type=simple, iterative_imputation_iters=5, categorical_features=None, categorical_imputation=constant, categorical_iterative_imputer=lightgbm, ordinal_features=None, high_cardinality_features=None, high_cardinality_method=frequency, numeric_features=None, numeric_imputation=mean, numeric_iterative_imputer=lightgbm, date_features=None, ignore_features=None, normalize=False, normalize_method=zscore, transformation=False, transformation_method=yeo-johnson, handle_unknown_categorical=True, unknown_categorical_method=least_frequent, pca=False, pca_method=linear, pca_components=None, ignore_low_variance=False, combine_rare_levels=False, rare_level_threshold=0.1, bin_numeric_features=None, remove_outliers=False, outliers_threshold=0.05, remove_multicollinearity=False, multicollinearity_threshold=0.9, remove_perfect_collinearity=True, create_clusters=False, cluster_iter=20, polynomial_features=False, polynomial_degree=2, trigonometry_features=False, polynomial_threshold=0.1, group_features=None, group_names=None, feature_selection=False, feature_selection_threshold=0.8, feature_selection_method=classic, feature_interaction=False, feature_ratio=False, interaction_threshold=0.01, fix_imbalance=False, fix_imbalance_method=None, transform_target=False, transform_target_method=box-cox, data_split_shuffle=True, data_split_stratify=False, fold_strategy=kfold, fold=10, fold_shuffle=False, fold_groups=None, n_jobs=-1, use_gpu=False, custom_pipeline=None, html=True, session_id=None, log_experiment=False, experiment_name=None, log_plots=False, log_profile=False, log_data=False, silent=False, verbose=True, profile=False, profile_kwargs=None, display=None)
2021-02-06 03:39:49,819:INFO:Checking environment
2021-02-06 03:39:49,822:INFO:python_version: 3.7.6
2021-02-06 03:39:49,839:INFO:python_build: ('default', 'Jan  8 2020 19:59:22')
2021-02-06 03:39:49,845:INFO:machine: x86_64
2021-02-06 03:39:49,848:INFO:platform: Linux-4.19.121-linuxkit-x86_64-with-debian-bullseye-sid
2021-02-06 03:39:49,851:INFO:Memory: svmem(total=3141345280, available=2394836992, percent=23.8, used=552431616, free=838803456, active=598720512, inactive=1470783488, buffers=225021952, cached=1525088256, shared=39186432, slab=205336576)
2021-02-06 03:39:49,857:INFO:Physical Core: 1
2021-02-06 03:39:49,860:INFO:Logical Core: 1
2021-02-06 03:39:49,863:INFO:Checking libraries
2021-02-06 03:39:49,865:INFO:pd==1.0.1
2021-02-06 03:39:49,867:INFO:numpy==1.18.1
2021-02-06 03:39:49,869:INFO:sklearn==0.23.2
2021-02-06 03:39:50,326:INFO:xgboost==1.3.3
2021-02-06 03:39:50,329:INFO:lightgbm==3.1.1
2021-02-06 03:39:50,504:INFO:catboost==0.24.4
2021-02-06 03:39:52,125:INFO:mlflow==1.13.1
2021-02-06 03:39:52,136:INFO:Checking Exceptions
2021-02-06 03:39:52,138:INFO:Declaring global variables
2021-02-06 03:39:52,139:INFO:USI: c50c
2021-02-06 03:39:52,141:INFO:pycaret_globals: {'n_jobs_param', 'stratify_param', 'prep_pipe', '_gpu_n_jobs_param', '_all_models_internal', 'transform_target_param', 'logging_param', 'y', 'imputation_classifier', 'master_model_container', 'create_model_container', '_available_plots', '_all_models', 'display_container', 'y_train', 'exp_name_log', 'iterative_imputation_iters_param', 'seed', 'experiment__', '_internal_pipeline', 'fold_shuffle_param', 'fold_groups_param', 'data_before_preprocess', 'y_test', 'fix_imbalance_method_param', 'pycaret_globals', 'html_param', 'imputation_regressor', 'X_test', 'gpu_param', '_all_metrics', 'target_param', 'log_plots_param', 'X', 'X_train', 'USI', 'fix_imbalance_param', '_ml_usecase', 'fold_param', 'transform_target_method_param', 'fold_generator'}
2021-02-06 03:39:52,143:INFO:Preparing display monitor
2021-02-06 03:39:52,145:INFO:Preparing display monitor
2021-02-06 03:39:52,214:INFO:Importing libraries
2021-02-06 03:39:52,225:INFO:Copying data for preprocessing
2021-02-06 03:39:52,288:INFO:Declaring preprocessing parameters
2021-02-06 03:39:52,321:INFO:Creating preprocessing pipeline
2021-02-06 03:39:52,375:INFO:Preprocessing pipeline created successfully
2021-02-06 03:39:52,385:ERROR:(Process Exit): setup has been interupted with user command 'quit'. setup must rerun.
2021-02-06 03:39:52,392:INFO:Creating global containers
2021-02-06 03:39:52,398:INFO:Internal pipeline: Pipeline(memory=None, steps=[('empty_step', 'passthrough')], verbose=False)
2021-02-06 03:39:56,289:INFO:Creating grid variables
2021-02-06 03:39:56,473:INFO:create_model_container: 0
2021-02-06 03:39:56,475:INFO:master_model_container: 0
2021-02-06 03:39:56,478:INFO:display_container: 1
2021-02-06 03:39:56,507:INFO:Pipeline(memory=None,
         steps=[('dtypes',
                 DataTypes_Auto_infer(categorical_features=[],
                                      display_types=True, features_todrop=[],
                                      id_columns=[], ml_usecase='regression',
                                      numerical_features=[], target='medv',
                                      time_features=[])),
                ('imputer',
                 Simple_Imputer(categorical_strategy='not_available',
                                fill_value_categorical=None,
                                fill_value_numerical=None,
                                numeric_strategy='m...
                ('scaling', 'passthrough'), ('P_transform', 'passthrough'),
                ('binn', 'passthrough'), ('rem_outliers', 'passthrough'),
                ('cluster_all', 'passthrough'),
                ('dummy', Dummify(target='medv')),
                ('fix_perfect', Remove_100(target='medv')),
                ('clean_names', Clean_Colum_Names()),
                ('feature_select', 'passthrough'), ('fix_multi', 'passthrough'),
                ('dfs', 'passthrough'), ('pca', 'passthrough')],
         verbose=False)
2021-02-06 03:39:56,510:INFO:setup() succesfully completed......................................
2021-02-06 03:39:56,672:INFO:Initializing compare_models()
2021-02-06 03:39:56,682:INFO:compare_models(include=None, fold=None, round=4, cross_validation=True, sort=R2, n_select=1, budget_time=None, turbo=True, errors=ignore, fit_kwargs=None, groups=None, verbose=True, display=None, exclude=None)
2021-02-06 03:39:56,689:INFO:Checking exceptions
2021-02-06 03:39:56,697:INFO:Preparing display monitor
2021-02-06 03:39:56,701:INFO:Preparing display monitor
2021-02-06 03:39:56,895:INFO:Initializing Linear Regression
2021-02-06 03:39:56,913:INFO:Total runtime is 0.000301361083984375 minutes
2021-02-06 03:39:56,984:INFO:SubProcess create_model() called ==================================
2021-02-06 03:39:56,989:INFO:Initializing create_model()
2021-02-06 03:39:56,993:INFO:create_model(estimator=lr, fold=KFold(n_splits=10, random_state=8696, shuffle=False), round=4, cross_validation=True, predict=True, fit_kwargs={}, groups=None, refit=False, verbose=False, system=False, metrics=None, display=<pycaret.internal.Display.Display object at 0x7f7ac60445d0>, kwargs={})
2021-02-06 03:39:56,998:INFO:Checking exceptions
2021-02-06 03:39:57,004:INFO:Importing libraries
2021-02-06 03:39:57,007:INFO:Copying training dataset
2021-02-06 03:39:57,017:INFO:Defining folds
2021-02-06 03:39:57,020:INFO:Declaring metric variables
2021-02-06 03:39:57,057:INFO:Importing untrained model
2021-02-06 03:39:57,100:INFO:Linear Regression Imported succesfully
2021-02-06 03:39:57,201:INFO:Starting cross validation
2021-02-06 03:39:57,217:INFO:Cross validating with KFold(n_splits=10, random_state=8696, shuffle=False), n_jobs=-1
2021-02-06 03:39:57,564:INFO:Calculating mean and std
2021-02-06 03:39:57,574:INFO:Creating metrics dataframe
2021-02-06 03:39:57,610:INFO:Uploading results into container
2021-02-06 03:39:57,614:INFO:Uploading model into container now
2021-02-06 03:39:57,619:INFO:create_model_container: 1
2021-02-06 03:39:57,626:INFO:master_model_container: 1
2021-02-06 03:39:57,630:INFO:display_container: 2
2021-02-06 03:39:57,632:INFO:LinearRegression(copy_X=True, fit_intercept=True, n_jobs=-1, normalize=False)
2021-02-06 03:39:57,633:INFO:create_model() succesfully completed......................................
2021-02-06 03:39:57,909:INFO:SubProcess create_model() end ==================================
2021-02-06 03:39:57,913:INFO:Creating metrics dataframe
2021-02-06 03:39:57,997:INFO:Initializing Lasso Regression
2021-02-06 03:39:58,008:INFO:Total runtime is 0.018548754851023357 minutes
2021-02-06 03:39:58,125:INFO:SubProcess create_model() called ==================================
2021-02-06 03:39:58,132:INFO:Initializing create_model()
2021-02-06 03:39:58,143:INFO:create_model(estimator=lasso, fold=KFold(n_splits=10, random_state=8696, shuffle=False), round=4, cross_validation=True, predict=True, fit_kwargs={}, groups=None, refit=False, verbose=False, system=False, metrics=None, display=<pycaret.internal.Display.Display object at 0x7f7ac60445d0>, kwargs={})
2021-02-06 03:39:58,158:INFO:Checking exceptions
2021-02-06 03:39:58,163:INFO:Importing libraries
2021-02-06 03:39:58,167:INFO:Copying training dataset
2021-02-06 03:39:58,180:INFO:Defining folds
2021-02-06 03:39:58,183:INFO:Declaring metric variables
2021-02-06 03:39:58,245:INFO:Importing untrained model
2021-02-06 03:39:58,360:INFO:Lasso Regression Imported succesfully
2021-02-06 03:39:58,523:INFO:Starting cross validation
2021-02-06 03:39:58,535:INFO:Cross validating with KFold(n_splits=10, random_state=8696, shuffle=False), n_jobs=-1
2021-02-06 03:39:58,921:INFO:Calculating mean and std
2021-02-06 03:39:58,930:INFO:Creating metrics dataframe
2021-02-06 03:39:58,955:INFO:Uploading results into container
2021-02-06 03:39:58,957:INFO:Uploading model into container now
2021-02-06 03:39:58,960:INFO:create_model_container: 2
2021-02-06 03:39:58,963:INFO:master_model_container: 2
2021-02-06 03:39:58,966:INFO:display_container: 2
2021-02-06 03:39:58,972:INFO:Lasso(alpha=1.0, copy_X=True, fit_intercept=True, max_iter=1000,
      normalize=False, positive=False, precompute=False, random_state=8696,
      selection='cyclic', tol=0.0001, warm_start=False)
2021-02-06 03:39:58,973:INFO:create_model() succesfully completed......................................
2021-02-06 03:39:59,119:INFO:SubProcess create_model() end ==================================
2021-02-06 03:39:59,126:INFO:Creating metrics dataframe
2021-02-06 03:39:59,173:INFO:Initializing Ridge Regression
2021-02-06 03:39:59,175:INFO:Total runtime is 0.038012059529622395 minutes
2021-02-06 03:39:59,230:INFO:SubProcess create_model() called ==================================
2021-02-06 03:39:59,241:INFO:Initializing create_model()
2021-02-06 03:39:59,251:INFO:create_model(estimator=ridge, fold=KFold(n_splits=10, random_state=8696, shuffle=False), round=4, cross_validation=True, predict=True, fit_kwargs={}, groups=None, refit=False, verbose=False, system=False, metrics=None, display=<pycaret.internal.Display.Display object at 0x7f7ac60445d0>, kwargs={})
2021-02-06 03:39:59,258:INFO:Checking exceptions
2021-02-06 03:39:59,263:INFO:Importing libraries
2021-02-06 03:39:59,268:INFO:Copying training dataset
2021-02-06 03:39:59,287:INFO:Defining folds
2021-02-06 03:39:59,292:INFO:Declaring metric variables
2021-02-06 03:39:59,355:INFO:Importing untrained model
2021-02-06 03:39:59,423:INFO:Ridge Regression Imported succesfully
2021-02-06 03:39:59,527:INFO:Starting cross validation
2021-02-06 03:39:59,534:INFO:Cross validating with KFold(n_splits=10, random_state=8696, shuffle=False), n_jobs=-1
2021-02-06 03:39:59,711:INFO:Calculating mean and std
2021-02-06 03:39:59,719:INFO:Creating metrics dataframe
2021-02-06 03:39:59,738:INFO:Uploading results into container
2021-02-06 03:39:59,740:INFO:Uploading model into container now
2021-02-06 03:39:59,743:INFO:create_model_container: 3
2021-02-06 03:39:59,746:INFO:master_model_container: 3
2021-02-06 03:39:59,749:INFO:display_container: 2
2021-02-06 03:39:59,751:INFO:Ridge(alpha=1.0, copy_X=True, fit_intercept=True, max_iter=None,
      normalize=False, random_state=8696, solver='auto', tol=0.001)
2021-02-06 03:39:59,753:INFO:create_model() succesfully completed......................................
2021-02-06 03:39:59,881:INFO:SubProcess create_model() end ==================================
2021-02-06 03:39:59,883:INFO:Creating metrics dataframe
2021-02-06 03:39:59,933:INFO:Initializing Elastic Net
2021-02-06 03:39:59,938:INFO:Total runtime is 0.050724899768829344 minutes
2021-02-06 03:39:59,984:INFO:SubProcess create_model() called ==================================
2021-02-06 03:39:59,991:INFO:Initializing create_model()
2021-02-06 03:39:59,993:INFO:create_model(estimator=en, fold=KFold(n_splits=10, random_state=8696, shuffle=False), round=4, cross_validation=True, predict=True, fit_kwargs={}, groups=None, refit=False, verbose=False, system=False, metrics=None, display=<pycaret.internal.Display.Display object at 0x7f7ac60445d0>, kwargs={})
2021-02-06 03:39:59,995:INFO:Checking exceptions
2021-02-06 03:39:59,998:INFO:Importing libraries
2021-02-06 03:40:00,001:INFO:Copying training dataset
2021-02-06 03:40:00,016:INFO:Defining folds
2021-02-06 03:40:00,024:INFO:Declaring metric variables
2021-02-06 03:40:00,071:INFO:Importing untrained model
2021-02-06 03:40:00,117:INFO:Elastic Net Imported succesfully
2021-02-06 03:40:00,223:INFO:Starting cross validation
2021-02-06 03:40:00,227:INFO:Cross validating with KFold(n_splits=10, random_state=8696, shuffle=False), n_jobs=-1
2021-02-06 03:40:00,438:INFO:Calculating mean and std
2021-02-06 03:40:00,446:INFO:Creating metrics dataframe
2021-02-06 03:40:00,463:INFO:Uploading results into container
2021-02-06 03:40:00,465:INFO:Uploading model into container now
2021-02-06 03:40:00,467:INFO:create_model_container: 4
2021-02-06 03:40:00,470:INFO:master_model_container: 4
2021-02-06 03:40:00,472:INFO:display_container: 2
2021-02-06 03:40:00,474:INFO:ElasticNet(alpha=1.0, copy_X=True, fit_intercept=True, l1_ratio=0.5,
           max_iter=1000, normalize=False, positive=False, precompute=False,
           random_state=8696, selection='cyclic', tol=0.0001, warm_start=False)
2021-02-06 03:40:00,475:INFO:create_model() succesfully completed......................................
2021-02-06 03:40:00,601:INFO:SubProcess create_model() end ==================================
2021-02-06 03:40:00,606:INFO:Creating metrics dataframe
2021-02-06 03:40:00,662:INFO:Initializing Least Angle Regression
2021-02-06 03:40:00,664:INFO:Total runtime is 0.06281359990437825 minutes
2021-02-06 03:40:00,715:INFO:SubProcess create_model() called ==================================
2021-02-06 03:40:00,722:INFO:Initializing create_model()
2021-02-06 03:40:00,724:INFO:create_model(estimator=lar, fold=KFold(n_splits=10, random_state=8696, shuffle=False), round=4, cross_validation=True, predict=True, fit_kwargs={}, groups=None, refit=False, verbose=False, system=False, metrics=None, display=<pycaret.internal.Display.Display object at 0x7f7ac60445d0>, kwargs={})
2021-02-06 03:40:00,727:INFO:Checking exceptions
2021-02-06 03:40:00,731:INFO:Importing libraries
2021-02-06 03:40:00,736:INFO:Copying training dataset
2021-02-06 03:40:00,747:INFO:Defining folds
2021-02-06 03:40:00,749:INFO:Declaring metric variables
2021-02-06 03:40:00,789:INFO:Importing untrained model
2021-02-06 03:40:00,850:INFO:Least Angle Regression Imported succesfully
2021-02-06 03:40:00,940:INFO:Starting cross validation
2021-02-06 03:40:00,949:INFO:Cross validating with KFold(n_splits=10, random_state=8696, shuffle=False), n_jobs=-1
2021-02-06 03:40:01,257:INFO:Calculating mean and std
2021-02-06 03:40:01,267:INFO:Creating metrics dataframe
2021-02-06 03:40:01,295:INFO:Uploading results into container
2021-02-06 03:40:01,300:INFO:Uploading model into container now
2021-02-06 03:40:01,302:INFO:create_model_container: 5
2021-02-06 03:40:01,305:INFO:master_model_container: 5
2021-02-06 03:40:01,307:INFO:display_container: 2
2021-02-06 03:40:01,309:INFO:Lars(copy_X=True, eps=2.220446049250313e-16, fit_intercept=True, fit_path=True,
     jitter=None, n_nonzero_coefs=500, normalize=True, precompute='auto',
     random_state=8696, verbose=False)
2021-02-06 03:40:01,313:INFO:create_model() succesfully completed......................................
2021-02-06 03:40:01,432:INFO:SubProcess create_model() end ==================================
2021-02-06 03:40:01,435:INFO:Creating metrics dataframe
2021-02-06 03:40:01,495:INFO:Initializing Lasso Least Angle Regression
2021-02-06 03:40:01,498:INFO:Total runtime is 0.076714555422465 minutes
2021-02-06 03:40:01,544:INFO:SubProcess create_model() called ==================================
2021-02-06 03:40:01,558:INFO:Initializing create_model()
2021-02-06 03:40:01,569:INFO:create_model(estimator=llar, fold=KFold(n_splits=10, random_state=8696, shuffle=False), round=4, cross_validation=True, predict=True, fit_kwargs={}, groups=None, refit=False, verbose=False, system=False, metrics=None, display=<pycaret.internal.Display.Display object at 0x7f7ac60445d0>, kwargs={})
2021-02-06 03:40:01,582:INFO:Checking exceptions
2021-02-06 03:40:01,590:INFO:Importing libraries
2021-02-06 03:40:01,593:INFO:Copying training dataset
2021-02-06 03:40:01,604:INFO:Defining folds
2021-02-06 03:40:01,608:INFO:Declaring metric variables
2021-02-06 03:40:01,652:INFO:Importing untrained model
2021-02-06 03:40:01,713:INFO:Lasso Least Angle Regression Imported succesfully
2021-02-06 03:40:01,826:INFO:Starting cross validation
2021-02-06 03:40:01,839:INFO:Cross validating with KFold(n_splits=10, random_state=8696, shuffle=False), n_jobs=-1
2021-02-06 03:40:01,999:INFO:Calculating mean and std
2021-02-06 03:40:02,007:INFO:Creating metrics dataframe
2021-02-06 03:40:02,023:INFO:Uploading results into container
2021-02-06 03:40:02,025:INFO:Uploading model into container now
2021-02-06 03:40:02,027:INFO:create_model_container: 6
2021-02-06 03:40:02,032:INFO:master_model_container: 6
2021-02-06 03:40:02,034:INFO:display_container: 2
2021-02-06 03:40:02,037:INFO:LassoLars(alpha=1.0, copy_X=True, eps=2.220446049250313e-16, fit_intercept=True,
          fit_path=True, jitter=None, max_iter=500, normalize=True,
          positive=False, precompute='auto', random_state=8696, verbose=False)
2021-02-06 03:40:02,041:INFO:create_model() succesfully completed......................................
2021-02-06 03:40:02,153:INFO:SubProcess create_model() end ==================================
2021-02-06 03:40:02,157:INFO:Creating metrics dataframe
2021-02-06 03:40:02,224:INFO:Initializing Orthogonal Matching Pursuit
2021-02-06 03:40:02,226:INFO:Total runtime is 0.08884979486465452 minutes
2021-02-06 03:40:02,266:INFO:SubProcess create_model() called ==================================
2021-02-06 03:40:02,276:INFO:Initializing create_model()
2021-02-06 03:40:02,291:INFO:create_model(estimator=omp, fold=KFold(n_splits=10, random_state=8696, shuffle=False), round=4, cross_validation=True, predict=True, fit_kwargs={}, groups=None, refit=False, verbose=False, system=False, metrics=None, display=<pycaret.internal.Display.Display object at 0x7f7ac60445d0>, kwargs={})
2021-02-06 03:40:02,301:INFO:Checking exceptions
2021-02-06 03:40:02,304:INFO:Importing libraries
2021-02-06 03:40:02,306:INFO:Copying training dataset
2021-02-06 03:40:02,322:INFO:Defining folds
2021-02-06 03:40:02,329:INFO:Declaring metric variables
2021-02-06 03:40:02,397:INFO:Importing untrained model
2021-02-06 03:40:02,456:INFO:Orthogonal Matching Pursuit Imported succesfully
2021-02-06 03:40:02,557:INFO:Starting cross validation
2021-02-06 03:40:02,572:INFO:Cross validating with KFold(n_splits=10, random_state=8696, shuffle=False), n_jobs=-1
2021-02-06 03:40:02,727:INFO:Calculating mean and std
2021-02-06 03:40:02,734:INFO:Creating metrics dataframe
2021-02-06 03:40:02,752:INFO:Uploading results into container
2021-02-06 03:40:02,753:INFO:Uploading model into container now
2021-02-06 03:40:02,756:INFO:create_model_container: 7
2021-02-06 03:40:02,760:INFO:master_model_container: 7
2021-02-06 03:40:02,762:INFO:display_container: 2
2021-02-06 03:40:02,764:INFO:OrthogonalMatchingPursuit(fit_intercept=True, n_nonzero_coefs=None,
                          normalize=True, precompute='auto', tol=None)
2021-02-06 03:40:02,766:INFO:create_model() succesfully completed......................................
2021-02-06 03:40:02,882:INFO:SubProcess create_model() end ==================================
2021-02-06 03:40:02,885:INFO:Creating metrics dataframe
2021-02-06 03:40:02,951:INFO:Initializing Bayesian Ridge
2021-02-06 03:40:02,953:INFO:Total runtime is 0.100965678691864 minutes
2021-02-06 03:40:03,003:INFO:SubProcess create_model() called ==================================
2021-02-06 03:40:03,007:INFO:Initializing create_model()
2021-02-06 03:40:03,011:INFO:create_model(estimator=br, fold=KFold(n_splits=10, random_state=8696, shuffle=False), round=4, cross_validation=True, predict=True, fit_kwargs={}, groups=None, refit=False, verbose=False, system=False, metrics=None, display=<pycaret.internal.Display.Display object at 0x7f7ac60445d0>, kwargs={})
2021-02-06 03:40:03,014:INFO:Checking exceptions
2021-02-06 03:40:03,027:INFO:Importing libraries
2021-02-06 03:40:03,042:INFO:Copying training dataset
2021-02-06 03:40:03,051:INFO:Defining folds
2021-02-06 03:40:03,058:INFO:Declaring metric variables
2021-02-06 03:40:03,103:INFO:Importing untrained model
2021-02-06 03:40:03,161:INFO:Bayesian Ridge Imported succesfully
2021-02-06 03:40:03,248:INFO:Starting cross validation
2021-02-06 03:40:03,254:INFO:Cross validating with KFold(n_splits=10, random_state=8696, shuffle=False), n_jobs=-1
2021-02-06 03:40:03,458:INFO:Calculating mean and std
2021-02-06 03:40:03,465:INFO:Creating metrics dataframe
2021-02-06 03:40:03,482:INFO:Uploading results into container
2021-02-06 03:40:03,485:INFO:Uploading model into container now
2021-02-06 03:40:03,490:INFO:create_model_container: 8
2021-02-06 03:40:03,493:INFO:master_model_container: 8
2021-02-06 03:40:03,495:INFO:display_container: 2
2021-02-06 03:40:03,497:INFO:BayesianRidge(alpha_1=1e-06, alpha_2=1e-06, alpha_init=None,
              compute_score=False, copy_X=True, fit_intercept=True,
              lambda_1=1e-06, lambda_2=1e-06, lambda_init=None, n_iter=300,
              normalize=False, tol=0.001, verbose=False)
2021-02-06 03:40:03,499:INFO:create_model() succesfully completed......................................
2021-02-06 03:40:03,612:INFO:SubProcess create_model() end ==================================
2021-02-06 03:40:03,615:INFO:Creating metrics dataframe
2021-02-06 03:40:03,688:INFO:Initializing Passive Aggressive Regressor
2021-02-06 03:40:03,693:INFO:Total runtime is 0.1132976730664571 minutes
2021-02-06 03:40:03,737:INFO:SubProcess create_model() called ==================================
2021-02-06 03:40:03,744:INFO:Initializing create_model()
2021-02-06 03:40:03,747:INFO:create_model(estimator=par, fold=KFold(n_splits=10, random_state=8696, shuffle=False), round=4, cross_validation=True, predict=True, fit_kwargs={}, groups=None, refit=False, verbose=False, system=False, metrics=None, display=<pycaret.internal.Display.Display object at 0x7f7ac60445d0>, kwargs={})
2021-02-06 03:40:03,750:INFO:Checking exceptions
2021-02-06 03:40:03,754:INFO:Importing libraries
2021-02-06 03:40:03,757:INFO:Copying training dataset
2021-02-06 03:40:03,766:INFO:Defining folds
2021-02-06 03:40:03,771:INFO:Declaring metric variables
2021-02-06 03:40:03,807:INFO:Importing untrained model
2021-02-06 03:40:03,870:INFO:Passive Aggressive Regressor Imported succesfully
2021-02-06 03:40:03,963:INFO:Starting cross validation
2021-02-06 03:40:03,968:INFO:Cross validating with KFold(n_splits=10, random_state=8696, shuffle=False), n_jobs=-1
2021-02-06 03:40:04,211:INFO:Calculating mean and std
2021-02-06 03:40:04,221:INFO:Creating metrics dataframe
2021-02-06 03:40:04,238:INFO:Uploading results into container
2021-02-06 03:40:04,244:INFO:Uploading model into container now
2021-02-06 03:40:04,246:INFO:create_model_container: 9
2021-02-06 03:40:04,247:INFO:master_model_container: 9
2021-02-06 03:40:04,250:INFO:display_container: 2
2021-02-06 03:40:04,253:INFO:PassiveAggressiveRegressor(C=1.0, average=False, early_stopping=False,
                           epsilon=0.1, fit_intercept=True,
                           loss='epsilon_insensitive', max_iter=1000,
                           n_iter_no_change=5, random_state=8696, shuffle=True,
                           tol=0.001, validation_fraction=0.1, verbose=0,
                           warm_start=False)
2021-02-06 03:40:04,255:INFO:create_model() succesfully completed......................................
2021-02-06 03:40:04,372:INFO:SubProcess create_model() end ==================================
2021-02-06 03:40:04,375:INFO:Creating metrics dataframe
2021-02-06 03:40:04,453:INFO:Initializing Huber Regressor
2021-02-06 03:40:04,455:INFO:Total runtime is 0.1259982109069824 minutes
2021-02-06 03:40:04,509:INFO:SubProcess create_model() called ==================================
2021-02-06 03:40:04,514:INFO:Initializing create_model()
2021-02-06 03:40:04,518:INFO:create_model(estimator=huber, fold=KFold(n_splits=10, random_state=8696, shuffle=False), round=4, cross_validation=True, predict=True, fit_kwargs={}, groups=None, refit=False, verbose=False, system=False, metrics=None, display=<pycaret.internal.Display.Display object at 0x7f7ac60445d0>, kwargs={})
2021-02-06 03:40:04,522:INFO:Checking exceptions
2021-02-06 03:40:04,524:INFO:Importing libraries
2021-02-06 03:40:04,530:INFO:Copying training dataset
2021-02-06 03:40:04,547:INFO:Defining folds
2021-02-06 03:40:04,549:INFO:Declaring metric variables
2021-02-06 03:40:04,596:INFO:Importing untrained model
2021-02-06 03:40:04,644:INFO:Huber Regressor Imported succesfully
2021-02-06 03:40:04,736:INFO:Starting cross validation
2021-02-06 03:40:04,742:INFO:Cross validating with KFold(n_splits=10, random_state=8696, shuffle=False), n_jobs=-1
2021-02-06 03:40:05,383:INFO:Calculating mean and std
2021-02-06 03:40:05,391:INFO:Creating metrics dataframe
2021-02-06 03:40:05,409:INFO:Uploading results into container
2021-02-06 03:40:05,416:INFO:Uploading model into container now
2021-02-06 03:40:05,418:INFO:create_model_container: 10
2021-02-06 03:40:05,420:INFO:master_model_container: 10
2021-02-06 03:40:05,422:INFO:display_container: 2
2021-02-06 03:40:05,424:INFO:HuberRegressor(alpha=0.0001, epsilon=1.35, fit_intercept=True, max_iter=100,
               tol=1e-05, warm_start=False)
2021-02-06 03:40:05,425:INFO:create_model() succesfully completed......................................
2021-02-06 03:40:05,547:INFO:SubProcess create_model() end ==================================
2021-02-06 03:40:05,549:INFO:Creating metrics dataframe
2021-02-06 03:40:05,635:INFO:Initializing K Neighbors Regressor
2021-02-06 03:40:05,637:INFO:Total runtime is 0.14570613702138263 minutes
2021-02-06 03:40:05,691:INFO:SubProcess create_model() called ==================================
2021-02-06 03:40:05,697:INFO:Initializing create_model()
2021-02-06 03:40:05,699:INFO:create_model(estimator=knn, fold=KFold(n_splits=10, random_state=8696, shuffle=False), round=4, cross_validation=True, predict=True, fit_kwargs={}, groups=None, refit=False, verbose=False, system=False, metrics=None, display=<pycaret.internal.Display.Display object at 0x7f7ac60445d0>, kwargs={})
2021-02-06 03:40:05,701:INFO:Checking exceptions
2021-02-06 03:40:05,706:INFO:Importing libraries
2021-02-06 03:40:05,711:INFO:Copying training dataset
2021-02-06 03:40:05,716:INFO:Defining folds
2021-02-06 03:40:05,718:INFO:Declaring metric variables
2021-02-06 03:40:05,791:INFO:Importing untrained model
2021-02-06 03:40:05,840:INFO:K Neighbors Regressor Imported succesfully
2021-02-06 03:40:05,937:INFO:Starting cross validation
2021-02-06 03:40:05,942:INFO:Cross validating with KFold(n_splits=10, random_state=8696, shuffle=False), n_jobs=-1
2021-02-06 03:40:06,133:INFO:Calculating mean and std
2021-02-06 03:40:06,142:INFO:Creating metrics dataframe
2021-02-06 03:40:06,160:INFO:Uploading results into container
2021-02-06 03:40:06,165:INFO:Uploading model into container now
2021-02-06 03:40:06,168:INFO:create_model_container: 11
2021-02-06 03:40:06,171:INFO:master_model_container: 11
2021-02-06 03:40:06,173:INFO:display_container: 2
2021-02-06 03:40:06,175:INFO:KNeighborsRegressor(algorithm='auto', leaf_size=30, metric='minkowski',
                    metric_params=None, n_jobs=-1, n_neighbors=5, p=2,
                    weights='uniform')
2021-02-06 03:40:06,176:INFO:create_model() succesfully completed......................................
2021-02-06 03:40:06,290:INFO:SubProcess create_model() end ==================================
2021-02-06 03:40:06,293:INFO:Creating metrics dataframe
2021-02-06 03:40:06,392:INFO:Initializing Decision Tree Regressor
2021-02-06 03:40:06,395:INFO:Total runtime is 0.1583315372467041 minutes
2021-02-06 03:40:06,441:INFO:SubProcess create_model() called ==================================
2021-02-06 03:40:06,447:INFO:Initializing create_model()
2021-02-06 03:40:06,464:INFO:create_model(estimator=dt, fold=KFold(n_splits=10, random_state=8696, shuffle=False), round=4, cross_validation=True, predict=True, fit_kwargs={}, groups=None, refit=False, verbose=False, system=False, metrics=None, display=<pycaret.internal.Display.Display object at 0x7f7ac60445d0>, kwargs={})
2021-02-06 03:40:06,467:INFO:Checking exceptions
2021-02-06 03:40:06,473:INFO:Importing libraries
2021-02-06 03:40:06,476:INFO:Copying training dataset
2021-02-06 03:40:06,486:INFO:Defining folds
2021-02-06 03:40:06,489:INFO:Declaring metric variables
2021-02-06 03:40:06,532:INFO:Importing untrained model
2021-02-06 03:40:06,598:INFO:Decision Tree Regressor Imported succesfully
2021-02-06 03:40:06,695:INFO:Starting cross validation
2021-02-06 03:40:06,700:INFO:Cross validating with KFold(n_splits=10, random_state=8696, shuffle=False), n_jobs=-1
2021-02-06 03:40:06,939:INFO:Calculating mean and std
2021-02-06 03:40:06,948:INFO:Creating metrics dataframe
2021-02-06 03:40:06,967:INFO:Uploading results into container
2021-02-06 03:40:06,968:INFO:Uploading model into container now
2021-02-06 03:40:06,973:INFO:create_model_container: 12
2021-02-06 03:40:06,976:INFO:master_model_container: 12
2021-02-06 03:40:06,977:INFO:display_container: 2
2021-02-06 03:40:06,980:INFO:DecisionTreeRegressor(ccp_alpha=0.0, criterion='mse', max_depth=None,
                      max_features=None, max_leaf_nodes=None,
                      min_impurity_decrease=0.0, min_impurity_split=None,
                      min_samples_leaf=1, min_samples_split=2,
                      min_weight_fraction_leaf=0.0, presort='deprecated',
                      random_state=8696, splitter='best')
2021-02-06 03:40:06,981:INFO:create_model() succesfully completed......................................
2021-02-06 03:40:07,094:INFO:SubProcess create_model() end ==================================
2021-02-06 03:40:07,097:INFO:Creating metrics dataframe
2021-02-06 03:40:07,186:INFO:Initializing Random Forest Regressor
2021-02-06 03:40:07,188:INFO:Total runtime is 0.17154634396235147 minutes
2021-02-06 03:40:07,236:INFO:SubProcess create_model() called ==================================
2021-02-06 03:40:07,245:INFO:Initializing create_model()
2021-02-06 03:40:07,249:INFO:create_model(estimator=rf, fold=KFold(n_splits=10, random_state=8696, shuffle=False), round=4, cross_validation=True, predict=True, fit_kwargs={}, groups=None, refit=False, verbose=False, system=False, metrics=None, display=<pycaret.internal.Display.Display object at 0x7f7ac60445d0>, kwargs={})
2021-02-06 03:40:07,258:INFO:Checking exceptions
2021-02-06 03:40:07,261:INFO:Importing libraries
2021-02-06 03:40:07,263:INFO:Copying training dataset
2021-02-06 03:40:07,275:INFO:Defining folds
2021-02-06 03:40:07,279:INFO:Declaring metric variables
2021-02-06 03:40:07,319:INFO:Importing untrained model
2021-02-06 03:40:07,388:INFO:Random Forest Regressor Imported succesfully
2021-02-06 03:40:07,489:INFO:Starting cross validation
2021-02-06 03:40:07,498:INFO:Cross validating with KFold(n_splits=10, random_state=8696, shuffle=False), n_jobs=-1
2021-02-06 03:40:13,712:INFO:Calculating mean and std
2021-02-06 03:40:13,721:INFO:Creating metrics dataframe
2021-02-06 03:40:13,739:INFO:Uploading results into container
2021-02-06 03:40:13,743:INFO:Uploading model into container now
2021-02-06 03:40:13,749:INFO:create_model_container: 13
2021-02-06 03:40:13,752:INFO:master_model_container: 13
2021-02-06 03:40:13,755:INFO:display_container: 2
2021-02-06 03:40:13,757:INFO:RandomForestRegressor(bootstrap=True, ccp_alpha=0.0, criterion='mse',
                      max_depth=None, max_features='auto', max_leaf_nodes=None,
                      max_samples=None, min_impurity_decrease=0.0,
                      min_impurity_split=None, min_samples_leaf=1,
                      min_samples_split=2, min_weight_fraction_leaf=0.0,
                      n_estimators=100, n_jobs=-1, oob_score=False,
                      random_state=8696, verbose=0, warm_start=False)
2021-02-06 03:40:13,759:INFO:create_model() succesfully completed......................................
2021-02-06 03:40:13,879:INFO:SubProcess create_model() end ==================================
2021-02-06 03:40:13,882:INFO:Creating metrics dataframe
2021-02-06 03:40:13,979:INFO:Initializing Extra Trees Regressor
2021-02-06 03:40:13,981:INFO:Total runtime is 0.28476021687189734 minutes
2021-02-06 03:40:14,034:INFO:SubProcess create_model() called ==================================
2021-02-06 03:40:14,045:INFO:Initializing create_model()
2021-02-06 03:40:14,053:INFO:create_model(estimator=et, fold=KFold(n_splits=10, random_state=8696, shuffle=False), round=4, cross_validation=True, predict=True, fit_kwargs={}, groups=None, refit=False, verbose=False, system=False, metrics=None, display=<pycaret.internal.Display.Display object at 0x7f7ac60445d0>, kwargs={})
2021-02-06 03:40:14,060:INFO:Checking exceptions
2021-02-06 03:40:14,066:INFO:Importing libraries
2021-02-06 03:40:14,069:INFO:Copying training dataset
2021-02-06 03:40:14,080:INFO:Defining folds
2021-02-06 03:40:14,085:INFO:Declaring metric variables
2021-02-06 03:40:14,141:INFO:Importing untrained model
2021-02-06 03:40:14,191:INFO:Extra Trees Regressor Imported succesfully
2021-02-06 03:40:14,291:INFO:Starting cross validation
2021-02-06 03:40:14,300:INFO:Cross validating with KFold(n_splits=10, random_state=8696, shuffle=False), n_jobs=-1
2021-02-06 03:40:18,800:INFO:Calculating mean and std
2021-02-06 03:40:18,808:INFO:Creating metrics dataframe
2021-02-06 03:40:18,824:INFO:Uploading results into container
2021-02-06 03:40:18,826:INFO:Uploading model into container now
2021-02-06 03:40:18,835:INFO:create_model_container: 14
2021-02-06 03:40:18,839:INFO:master_model_container: 14
2021-02-06 03:40:18,843:INFO:display_container: 2
2021-02-06 03:40:18,847:INFO:ExtraTreesRegressor(bootstrap=False, ccp_alpha=0.0, criterion='mse',
                    max_depth=None, max_features='auto', max_leaf_nodes=None,
                    max_samples=None, min_impurity_decrease=0.0,
                    min_impurity_split=None, min_samples_leaf=1,
                    min_samples_split=2, min_weight_fraction_leaf=0.0,
                    n_estimators=100, n_jobs=-1, oob_score=False,
                    random_state=8696, verbose=0, warm_start=False)
2021-02-06 03:40:18,849:INFO:create_model() succesfully completed......................................
2021-02-06 03:40:18,978:INFO:SubProcess create_model() end ==================================
2021-02-06 03:40:18,980:INFO:Creating metrics dataframe
2021-02-06 03:40:19,082:INFO:Initializing AdaBoost Regressor
2021-02-06 03:40:19,085:INFO:Total runtime is 0.369824210802714 minutes
2021-02-06 03:40:19,157:INFO:SubProcess create_model() called ==================================
2021-02-06 03:40:19,170:INFO:Initializing create_model()
2021-02-06 03:40:19,176:INFO:create_model(estimator=ada, fold=KFold(n_splits=10, random_state=8696, shuffle=False), round=4, cross_validation=True, predict=True, fit_kwargs={}, groups=None, refit=False, verbose=False, system=False, metrics=None, display=<pycaret.internal.Display.Display object at 0x7f7ac60445d0>, kwargs={})
2021-02-06 03:40:19,180:INFO:Checking exceptions
2021-02-06 03:40:19,188:INFO:Importing libraries
2021-02-06 03:40:19,191:INFO:Copying training dataset
2021-02-06 03:40:19,196:INFO:Defining folds
2021-02-06 03:40:19,198:INFO:Declaring metric variables
2021-02-06 03:40:19,242:INFO:Importing untrained model
2021-02-06 03:40:19,290:INFO:AdaBoost Regressor Imported succesfully
2021-02-06 03:40:19,410:INFO:Starting cross validation
2021-02-06 03:40:19,415:INFO:Cross validating with KFold(n_splits=10, random_state=8696, shuffle=False), n_jobs=-1
2021-02-06 03:40:21,472:INFO:Calculating mean and std
2021-02-06 03:40:21,480:INFO:Creating metrics dataframe
2021-02-06 03:40:21,500:INFO:Uploading results into container
2021-02-06 03:40:21,510:INFO:Uploading model into container now
2021-02-06 03:40:21,511:INFO:create_model_container: 15
2021-02-06 03:40:21,513:INFO:master_model_container: 15
2021-02-06 03:40:21,515:INFO:display_container: 2
2021-02-06 03:40:21,516:INFO:AdaBoostRegressor(base_estimator=None, learning_rate=1.0, loss='linear',
                  n_estimators=50, random_state=8696)
2021-02-06 03:40:21,518:INFO:create_model() succesfully completed......................................
2021-02-06 03:40:21,641:INFO:SubProcess create_model() end ==================================
2021-02-06 03:40:21,644:INFO:Creating metrics dataframe
2021-02-06 03:40:21,749:INFO:Initializing Gradient Boosting Regressor
2021-02-06 03:40:21,755:INFO:Total runtime is 0.4142896691958109 minutes
2021-02-06 03:40:21,807:INFO:SubProcess create_model() called ==================================
2021-02-06 03:40:21,814:INFO:Initializing create_model()
2021-02-06 03:40:21,840:INFO:create_model(estimator=gbr, fold=KFold(n_splits=10, random_state=8696, shuffle=False), round=4, cross_validation=True, predict=True, fit_kwargs={}, groups=None, refit=False, verbose=False, system=False, metrics=None, display=<pycaret.internal.Display.Display object at 0x7f7ac60445d0>, kwargs={})
2021-02-06 03:40:21,846:INFO:Checking exceptions
2021-02-06 03:40:21,850:INFO:Importing libraries
2021-02-06 03:40:21,852:INFO:Copying training dataset
2021-02-06 03:40:21,863:INFO:Defining folds
2021-02-06 03:40:21,868:INFO:Declaring metric variables
2021-02-06 03:40:21,913:INFO:Importing untrained model
2021-02-06 03:40:21,953:INFO:Gradient Boosting Regressor Imported succesfully
2021-02-06 03:40:22,060:INFO:Starting cross validation
2021-02-06 03:40:22,066:INFO:Cross validating with KFold(n_splits=10, random_state=8696, shuffle=False), n_jobs=-1
2021-02-06 03:40:23,979:INFO:Calculating mean and std
2021-02-06 03:40:23,987:INFO:Creating metrics dataframe
2021-02-06 03:40:24,006:INFO:Uploading results into container
2021-02-06 03:40:24,009:INFO:Uploading model into container now
2021-02-06 03:40:24,013:INFO:create_model_container: 16
2021-02-06 03:40:24,016:INFO:master_model_container: 16
2021-02-06 03:40:24,018:INFO:display_container: 2
2021-02-06 03:40:24,021:INFO:GradientBoostingRegressor(alpha=0.9, ccp_alpha=0.0, criterion='friedman_mse',
                          init=None, learning_rate=0.1, loss='ls', max_depth=3,
                          max_features=None, max_leaf_nodes=None,
                          min_impurity_decrease=0.0, min_impurity_split=None,
                          min_samples_leaf=1, min_samples_split=2,
                          min_weight_fraction_leaf=0.0, n_estimators=100,
                          n_iter_no_change=None, presort='deprecated',
                          random_state=8696, subsample=1.0, tol=0.0001,
                          validation_fraction=0.1, verbose=0, warm_start=False)
2021-02-06 03:40:24,026:INFO:create_model() succesfully completed......................................
2021-02-06 03:40:24,145:INFO:SubProcess create_model() end ==================================
2021-02-06 03:40:24,148:INFO:Creating metrics dataframe
2021-02-06 03:40:24,253:INFO:Initializing Extreme Gradient Boosting
2021-02-06 03:40:24,255:INFO:Total runtime is 0.4560000856717427 minutes
2021-02-06 03:40:24,297:INFO:SubProcess create_model() called ==================================
2021-02-06 03:40:24,312:INFO:Initializing create_model()
2021-02-06 03:40:24,323:INFO:create_model(estimator=xgboost, fold=KFold(n_splits=10, random_state=8696, shuffle=False), round=4, cross_validation=True, predict=True, fit_kwargs={}, groups=None, refit=False, verbose=False, system=False, metrics=None, display=<pycaret.internal.Display.Display object at 0x7f7ac60445d0>, kwargs={})
2021-02-06 03:40:24,329:INFO:Checking exceptions
2021-02-06 03:40:24,338:INFO:Importing libraries
2021-02-06 03:40:24,347:INFO:Copying training dataset
2021-02-06 03:40:24,356:INFO:Defining folds
2021-02-06 03:40:24,360:INFO:Declaring metric variables
2021-02-06 03:40:24,425:INFO:Importing untrained model
2021-02-06 03:40:24,468:INFO:Extreme Gradient Boosting Imported succesfully
2021-02-06 03:40:24,587:INFO:Starting cross validation
2021-02-06 03:40:24,594:INFO:Cross validating with KFold(n_splits=10, random_state=8696, shuffle=False), n_jobs=-1
2021-02-06 03:40:33,125:INFO:Calculating mean and std
2021-02-06 03:40:33,133:INFO:Creating metrics dataframe
2021-02-06 03:40:33,157:INFO:Uploading results into container
2021-02-06 03:40:33,161:INFO:Uploading model into container now
2021-02-06 03:40:33,165:INFO:create_model_container: 17
2021-02-06 03:40:33,167:INFO:master_model_container: 17
2021-02-06 03:40:33,169:INFO:display_container: 2
2021-02-06 03:40:33,173:INFO:XGBRegressor(base_score=None, booster='gbtree', colsample_bylevel=None,
             colsample_bynode=None, colsample_bytree=None, gamma=None,
             gpu_id=None, importance_type='gain', interaction_constraints=None,
             learning_rate=None, max_delta_step=None, max_depth=None,
             min_child_weight=None, missing=nan, monotone_constraints=None,
             n_estimators=100, n_jobs=-1, num_parallel_tree=None,
             objective='reg:squarederror', random_state=8696, reg_alpha=None,
             reg_lambda=None, scale_pos_weight=None, subsample=None,
             tree_method='auto', validate_parameters=None, verbosity=0)
2021-02-06 03:40:33,175:INFO:create_model() succesfully completed......................................
2021-02-06 03:40:33,294:INFO:SubProcess create_model() end ==================================
2021-02-06 03:40:33,296:INFO:Creating metrics dataframe
2021-02-06 03:40:33,415:INFO:Initializing Light Gradient Boosting Machine
2021-02-06 03:40:33,417:INFO:Total runtime is 0.6086957335472106 minutes
2021-02-06 03:40:33,508:INFO:SubProcess create_model() called ==================================
2021-02-06 03:40:33,512:INFO:Initializing create_model()
2021-02-06 03:40:33,516:INFO:create_model(estimator=lightgbm, fold=KFold(n_splits=10, random_state=8696, shuffle=False), round=4, cross_validation=True, predict=True, fit_kwargs={}, groups=None, refit=False, verbose=False, system=False, metrics=None, display=<pycaret.internal.Display.Display object at 0x7f7ac60445d0>, kwargs={})
2021-02-06 03:40:33,518:INFO:Checking exceptions
2021-02-06 03:40:33,521:INFO:Importing libraries
2021-02-06 03:40:33,530:INFO:Copying training dataset
2021-02-06 03:40:33,542:INFO:Defining folds
2021-02-06 03:40:33,546:INFO:Declaring metric variables
2021-02-06 03:40:33,603:INFO:Importing untrained model
2021-02-06 03:40:33,738:INFO:Light Gradient Boosting Machine Imported succesfully
2021-02-06 03:40:33,838:INFO:Starting cross validation
2021-02-06 03:40:33,843:INFO:Cross validating with KFold(n_splits=10, random_state=8696, shuffle=False), n_jobs=-1
2021-02-06 03:40:34,563:INFO:Calculating mean and std
2021-02-06 03:40:34,575:INFO:Creating metrics dataframe
2021-02-06 03:40:34,591:INFO:Uploading results into container
2021-02-06 03:40:34,593:INFO:Uploading model into container now
2021-02-06 03:40:34,596:INFO:create_model_container: 18
2021-02-06 03:40:34,600:INFO:master_model_container: 18
2021-02-06 03:40:34,602:INFO:display_container: 2
2021-02-06 03:40:34,605:INFO:LGBMRegressor(boosting_type='gbdt', class_weight=None, colsample_bytree=1.0,
              importance_type='split', learning_rate=0.1, max_depth=-1,
              min_child_samples=20, min_child_weight=0.001, min_split_gain=0.0,
              n_estimators=100, n_jobs=-1, num_leaves=31, objective=None,
              random_state=8696, reg_alpha=0.0, reg_lambda=0.0, silent=True,
              subsample=1.0, subsample_for_bin=200000, subsample_freq=0)
2021-02-06 03:40:34,607:INFO:create_model() succesfully completed......................................
2021-02-06 03:40:34,733:INFO:SubProcess create_model() end ==================================
2021-02-06 03:40:34,736:INFO:Creating metrics dataframe
2021-02-06 03:40:34,853:INFO:Initializing CatBoost Regressor
2021-02-06 03:40:34,856:INFO:Total runtime is 0.6326857407887776 minutes
2021-02-06 03:40:34,995:INFO:SubProcess create_model() called ==================================
2021-02-06 03:40:34,998:INFO:Initializing create_model()
2021-02-06 03:40:35,002:INFO:create_model(estimator=catboost, fold=KFold(n_splits=10, random_state=8696, shuffle=False), round=4, cross_validation=True, predict=True, fit_kwargs={}, groups=None, refit=False, verbose=False, system=False, metrics=None, display=<pycaret.internal.Display.Display object at 0x7f7ac60445d0>, kwargs={})
2021-02-06 03:40:35,005:INFO:Checking exceptions
2021-02-06 03:40:35,007:INFO:Importing libraries
2021-02-06 03:40:35,010:INFO:Copying training dataset
2021-02-06 03:40:35,021:INFO:Defining folds
2021-02-06 03:40:35,025:INFO:Declaring metric variables
2021-02-06 03:40:35,066:INFO:Importing untrained model
2021-02-06 03:40:35,127:INFO:CatBoost Regressor Imported succesfully
2021-02-06 03:40:35,269:INFO:Starting cross validation
2021-02-06 03:40:35,277:INFO:Cross validating with KFold(n_splits=10, random_state=8696, shuffle=False), n_jobs=-1
2021-02-06 03:42:17,459:INFO:Calculating mean and std
2021-02-06 03:42:17,469:INFO:Creating metrics dataframe
2021-02-06 03:42:17,487:INFO:Uploading results into container
2021-02-06 03:42:17,488:INFO:Uploading model into container now
2021-02-06 03:42:17,491:INFO:create_model_container: 19
2021-02-06 03:42:17,493:INFO:master_model_container: 19
2021-02-06 03:42:17,496:INFO:display_container: 2
2021-02-06 03:42:17,497:INFO:<catboost.core.CatBoostRegressor object at 0x7f7a8b7c58d0>
2021-02-06 03:42:17,499:INFO:create_model() succesfully completed......................................
2021-02-06 03:42:17,626:INFO:SubProcess create_model() end ==================================
2021-02-06 03:42:17,630:INFO:Creating metrics dataframe
2021-02-06 03:42:17,998:INFO:Initializing create_model()
2021-02-06 03:42:18,002:INFO:create_model(estimator=<catboost.core.CatBoostRegressor object at 0x7f7a8b7c58d0>, fold=KFold(n_splits=10, random_state=8696, shuffle=False), round=4, cross_validation=False, predict=False, fit_kwargs={}, groups=None, refit=True, verbose=False, system=False, metrics=None, display=None, kwargs={})
2021-02-06 03:42:18,008:INFO:Checking exceptions
2021-02-06 03:42:18,017:INFO:Importing libraries
2021-02-06 03:42:18,025:INFO:Copying training dataset
2021-02-06 03:42:18,041:INFO:Defining folds
2021-02-06 03:42:18,056:INFO:Declaring metric variables
2021-02-06 03:42:18,062:INFO:Importing untrained model
2021-02-06 03:42:18,065:INFO:Declaring custom model
2021-02-06 03:42:18,070:INFO:CatBoost Regressor Imported succesfully
2021-02-06 03:42:18,073:INFO:Cross validation set to False
2021-02-06 03:42:18,075:INFO:Fitting Model
2021-02-06 03:42:27,463:INFO:<catboost.core.CatBoostRegressor object at 0x7f7a8b7d2150>
2021-02-06 03:42:27,465:INFO:create_models() succesfully completed......................................
2021-02-06 03:42:27,930:INFO:create_model_container: 19
2021-02-06 03:42:27,935:INFO:master_model_container: 19
2021-02-06 03:42:27,936:INFO:display_container: 2
2021-02-06 03:42:27,939:INFO:<catboost.core.CatBoostRegressor object at 0x7f7a8b7d2150>
2021-02-06 03:42:27,941:INFO:compare_models() succesfully completed......................................
2021-02-06 03:42:27,969:INFO:Initializing create_model()
2021-02-06 03:42:28,031:INFO:create_model(estimator=catboost, fold=None, round=4, cross_validation=True, predict=True, fit_kwargs=None, groups=None, refit=True, verbose=True, system=True, metrics=None, display=None, kwargs={})
2021-02-06 03:42:28,034:INFO:Checking exceptions
2021-02-06 03:42:28,039:INFO:Preparing display monitor
2021-02-06 03:42:28,358:INFO:Importing libraries
2021-02-06 03:42:28,383:INFO:Copying training dataset
2021-02-06 03:42:28,393:INFO:Defining folds
2021-02-06 03:42:28,396:INFO:Declaring metric variables
2021-02-06 03:42:28,454:INFO:Importing untrained model
2021-02-06 03:42:28,525:INFO:CatBoost Regressor Imported succesfully
2021-02-06 03:42:28,634:INFO:Starting cross validation
2021-02-06 03:42:28,642:INFO:Cross validating with KFold(n_splits=10, random_state=8696, shuffle=False), n_jobs=-1
2021-02-06 03:44:08,757:INFO:Calculating mean and std
2021-02-06 03:44:08,770:INFO:Creating metrics dataframe
2021-02-06 03:44:08,813:INFO:Finalizing model
2021-02-06 03:44:18,700:INFO:Uploading results into container
2021-02-06 03:44:18,703:INFO:Uploading model into container now
2021-02-06 03:44:18,833:INFO:create_model_container: 20
2021-02-06 03:44:18,839:INFO:master_model_container: 20
2021-02-06 03:44:18,852:INFO:display_container: 3
2021-02-06 03:44:18,861:INFO:<catboost.core.CatBoostRegressor object at 0x7f7a8b7d2510>
2021-02-06 03:44:18,874:INFO:create_model() succesfully completed......................................
2021-02-06 03:44:19,088:INFO:Initializing tune_model()
2021-02-06 03:44:19,108:INFO:tune_model(estimator=<catboost.core.CatBoostRegressor object at 0x7f7a8b7d2510>, fold=None, round=4, n_iter=10, custom_grid=None, optimize=MAE, custom_scorer=None, search_library=scikit-learn, search_algorithm=None, early_stopping=False, early_stopping_max_iters=10, choose_better=False, fit_kwargs=None, groups=None, return_tuner=False, verbose=True, tuner_verbose=True, display=None, kwargs={})
2021-02-06 03:44:19,135:INFO:Checking exceptions
2021-02-06 03:44:19,144:INFO:Preparing display monitor
2021-02-06 03:44:19,322:INFO:Copying training dataset
2021-02-06 03:44:19,333:INFO:Checking base model
2021-02-06 03:44:19,359:INFO:Base model : CatBoost Regressor
2021-02-06 03:44:19,410:INFO:Declaring metric variables
2021-02-06 03:44:19,458:INFO:Defining Hyperparameters
2021-02-06 03:44:19,582:INFO:Tuning with n_jobs=-1
2021-02-06 03:44:19,586:INFO:Initializing RandomizedSearchCV
2021-02-06 03:51:17,223:INFO:best_params: {'actual_estimator__random_strength': 0.5, 'actual_estimator__n_estimators': 290, 'actual_estimator__l2_leaf_reg': 2, 'actual_estimator__depth': 9}
2021-02-06 03:51:17,234:INFO:Random search completed
2021-02-06 03:51:17,237:INFO:SubProcess create_model() called ==================================
2021-02-06 03:51:17,240:INFO:Initializing create_model()
2021-02-06 03:51:17,242:INFO:create_model(estimator=<catboost.core.CatBoostRegressor object at 0x7f7a8b7c5ed0>, fold=KFold(n_splits=10, random_state=8696, shuffle=False), round=4, cross_validation=True, predict=True, fit_kwargs={}, groups=None, refit=True, verbose=True, system=False, metrics=None, display=<pycaret.internal.Display.Display object at 0x7f7a8b7c50d0>, kwargs={'random_strength': 0.5, 'n_estimators': 290, 'l2_leaf_reg': 2, 'depth': 9})
2021-02-06 03:51:17,246:INFO:Checking exceptions
2021-02-06 03:51:17,250:INFO:Importing libraries
2021-02-06 03:51:17,252:INFO:Copying training dataset
2021-02-06 03:51:17,261:INFO:Defining folds
2021-02-06 03:51:17,264:INFO:Declaring metric variables
2021-02-06 03:51:17,306:INFO:Importing untrained model
2021-02-06 03:51:17,310:INFO:Declaring custom model
2021-02-06 03:51:17,376:INFO:CatBoost Regressor Imported succesfully
2021-02-06 03:51:17,501:INFO:Starting cross validation
2021-02-06 03:51:17,509:INFO:Cross validating with KFold(n_splits=10, random_state=8696, shuffle=False), n_jobs=-1
2021-02-06 03:52:23,664:INFO:Calculating mean and std
2021-02-06 03:52:23,671:INFO:Creating metrics dataframe
2021-02-06 03:52:23,722:INFO:Finalizing model
2021-02-06 03:52:30,267:INFO:Uploading results into container
2021-02-06 03:52:30,269:INFO:Uploading model into container now
2021-02-06 03:52:30,273:INFO:create_model_container: 21
2021-02-06 03:52:30,276:INFO:master_model_container: 21
2021-02-06 03:52:30,279:INFO:display_container: 4
2021-02-06 03:52:30,280:INFO:<catboost.core.CatBoostRegressor object at 0x7f7aecc0a810>
2021-02-06 03:52:30,282:INFO:create_model() succesfully completed......................................
2021-02-06 03:52:30,453:INFO:SubProcess create_model() end ==================================
2021-02-06 03:52:30,574:INFO:create_model_container: 21
2021-02-06 03:52:30,578:INFO:master_model_container: 21
2021-02-06 03:52:30,580:INFO:display_container: 4
2021-02-06 03:52:30,581:INFO:<catboost.core.CatBoostRegressor object at 0x7f7aecc0a810>
2021-02-06 03:52:30,586:INFO:tune_model() succesfully completed......................................
2021-02-06 03:52:30,754:INFO:Initializing evaluate_model()
2021-02-06 03:52:30,761:INFO:evaluate_model(estimator=<catboost.core.CatBoostRegressor object at 0x7f7aecc0a810>, fold=None, fit_kwargs=None, feature_name=None, groups=None, use_train_data=False)
2021-02-06 03:52:30,917:INFO:Initializing plot_model()
2021-02-06 03:52:30,920:INFO:plot_model(plot=parameter, fold=KFold(n_splits=10, random_state=8696, shuffle=False), use_train_data=False, verbose=True, display=None, estimator=<catboost.core.CatBoostRegressor object at 0x7f7aecc0a810>, feature_name=None, fit_kwargs={}, groups=None, label=False, save=False, scale=1, system=True)
2021-02-06 03:52:30,922:INFO:Checking exceptions
2021-02-06 03:52:30,936:INFO:Preparing display monitor
2021-02-06 03:52:30,983:INFO:Preloading libraries
2021-02-06 03:52:31,017:INFO:Copying training dataset
2021-02-06 03:52:31,026:INFO:Copying test dataset
2021-02-06 03:52:31,033:INFO:Plot type: parameter
2021-02-06 03:52:31,199:INFO:Visual Rendered Successfully
2021-02-06 03:52:31,343:INFO:plot_model() succesfully completed......................................
2021-02-06 03:52:31,383:INFO:Initializing create_model()
2021-02-06 03:52:31,389:INFO:create_model(estimator=catboost, fold=None, round=4, cross_validation=True, predict=True, fit_kwargs=None, groups=None, refit=True, verbose=True, system=True, metrics=None, display=None, kwargs={})
2021-02-06 03:52:31,392:INFO:Checking exceptions
2021-02-06 03:52:31,396:INFO:Preparing display monitor
2021-02-06 03:52:31,483:INFO:Importing libraries
2021-02-06 03:52:31,490:INFO:Copying training dataset
2021-02-06 03:52:31,501:INFO:Defining folds
2021-02-06 03:52:31,507:INFO:Declaring metric variables
2021-02-06 03:52:31,557:INFO:Importing untrained model
2021-02-06 03:52:31,625:INFO:CatBoost Regressor Imported succesfully
2021-02-06 03:52:31,722:INFO:Starting cross validation
2021-02-06 03:52:31,727:INFO:Cross validating with KFold(n_splits=10, random_state=8696, shuffle=False), n_jobs=-1
2021-02-06 03:54:05,476:INFO:Calculating mean and std
2021-02-06 03:54:05,484:INFO:Creating metrics dataframe
2021-02-06 03:54:05,524:INFO:Finalizing model
2021-02-06 03:54:14,859:INFO:Uploading results into container
2021-02-06 03:54:14,861:INFO:Uploading model into container now
2021-02-06 03:54:14,968:INFO:create_model_container: 22
2021-02-06 03:54:14,971:INFO:master_model_container: 22
2021-02-06 03:54:14,981:INFO:display_container: 5
2021-02-06 03:54:14,984:INFO:<catboost.core.CatBoostRegressor object at 0x7f7a8b7c5110>
2021-02-06 03:54:14,992:INFO:create_model() succesfully completed......................................
2021-02-06 03:54:15,146:INFO:Initializing create_model()
2021-02-06 03:54:15,148:INFO:create_model(estimator=xgboost, fold=None, round=4, cross_validation=True, predict=True, fit_kwargs=None, groups=None, refit=True, verbose=True, system=True, metrics=None, display=None, kwargs={})
2021-02-06 03:54:15,151:INFO:Checking exceptions
2021-02-06 03:54:15,153:INFO:Preparing display monitor
2021-02-06 03:54:15,228:INFO:Importing libraries
2021-02-06 03:54:15,240:INFO:Copying training dataset
2021-02-06 03:54:15,248:INFO:Defining folds
2021-02-06 03:54:15,252:INFO:Declaring metric variables
2021-02-06 03:54:15,315:INFO:Importing untrained model
2021-02-06 03:54:15,414:INFO:Extreme Gradient Boosting Imported succesfully
2021-02-06 03:54:15,506:INFO:Starting cross validation
2021-02-06 03:54:15,516:INFO:Cross validating with KFold(n_splits=10, random_state=8696, shuffle=False), n_jobs=-1
2021-02-06 03:54:23,354:INFO:Calculating mean and std
2021-02-06 03:54:23,362:INFO:Creating metrics dataframe
2021-02-06 03:54:23,400:INFO:Finalizing model
2021-02-06 03:54:24,228:INFO:Uploading results into container
2021-02-06 03:54:24,230:INFO:Uploading model into container now
2021-02-06 03:54:24,328:INFO:create_model_container: 23
2021-02-06 03:54:24,330:INFO:master_model_container: 23
2021-02-06 03:54:24,337:INFO:display_container: 6
2021-02-06 03:54:24,343:INFO:XGBRegressor(base_score=0.5, booster='gbtree', colsample_bylevel=1,
             colsample_bynode=1, colsample_bytree=1, gamma=0, gpu_id=-1,
             importance_type='gain', interaction_constraints='',
             learning_rate=0.300000012, max_delta_step=0, max_depth=6,
             min_child_weight=1, missing=nan, monotone_constraints='()',
             n_estimators=100, n_jobs=-1, num_parallel_tree=1,
             objective='reg:squarederror', random_state=8696, reg_alpha=0,
             reg_lambda=1, scale_pos_weight=1, subsample=1, tree_method='auto',
             validate_parameters=1, verbosity=0)
2021-02-06 03:54:24,346:INFO:create_model() succesfully completed......................................
2021-02-06 03:54:24,474:INFO:Initializing blend_models()
2021-02-06 03:54:24,476:INFO:blend_models(estimator_list=[<catboost.core.CatBoostRegressor object at 0x7f7a8b7c5110>, XGBRegressor(base_score=0.5, booster='gbtree', colsample_bylevel=1,
             colsample_bynode=1, colsample_bytree=1, gamma=0, gpu_id=-1,
             importance_type='gain', interaction_constraints='',
             learning_rate=0.300000012, max_delta_step=0, max_depth=6,
             min_child_weight=1, missing=nan, monotone_constraints='()',
             n_estimators=100, n_jobs=-1, num_parallel_tree=1,
             objective='reg:squarederror', random_state=8696, reg_alpha=0,
             reg_lambda=1, scale_pos_weight=1, subsample=1, tree_method='auto',
             validate_parameters=1, verbosity=0)], fold=None, round=4, choose_better=False, optimize=R2, method=auto, weights=None, fit_kwargs=None, groups=None, verbose=True, display=None)
2021-02-06 03:54:24,479:INFO:Checking exceptions
2021-02-06 03:54:24,482:INFO:Preparing display monitor
2021-02-06 03:54:24,573:INFO:Importing libraries
2021-02-06 03:54:24,584:INFO:Copying training dataset
2021-02-06 03:54:24,657:INFO:Getting model names
2021-02-06 03:54:24,715:INFO:SubProcess create_model() called ==================================
2021-02-06 03:54:24,752:INFO:Initializing create_model()
2021-02-06 03:54:24,754:INFO:create_model(estimator=TunableVotingRegressor(estimators=[('catboost',
                                    <catboost.core.CatBoostRegressor object at 0x7f7a8b7c5110>),
                                   ('xgboost',
                                    XGBRegressor(base_score=0.5,
                                                 booster='gbtree',
                                                 colsample_bylevel=1,
                                                 colsample_bynode=1,
                                                 colsample_bytree=1, gamma=0,
                                                 gpu_id=-1,
                                                 importance_type='gain',
                                                 interaction_constraints='',
                                                 learning_rate=0.300000012,
                                                 max_delta_step=0, max_depth=6,
                                                 min_child_weight=1,
                                                 missing=nan,
                                                 monotone_constraints='()',
                                                 n_estimators=100, n_jobs=-1,
                                                 num_parallel_tree=1,
                                                 objective='reg:squarederror',
                                                 random_state=8696, reg_alpha=0,
                                                 reg_lambda=1,
                                                 scale_pos_weight=1,
                                                 subsample=1,
                                                 tree_method='auto',
                                                 validate_parameters=1,
                                                 verbosity=0))],
                       n_jobs=-1, verbose=False, weight_0=1, weight_1=1,
                       weights=[1, 1]), fold=KFold(n_splits=10, random_state=8696, shuffle=False), round=4, cross_validation=True, predict=True, fit_kwargs={}, groups=None, refit=True, verbose=True, system=False, metrics=None, display=<pycaret.internal.Display.Display object at 0x7f7a8b5fb850>, kwargs={})
2021-02-06 03:54:24,756:INFO:Checking exceptions
2021-02-06 03:54:24,759:INFO:Importing libraries
2021-02-06 03:54:24,760:INFO:Copying training dataset
2021-02-06 03:54:24,769:INFO:Defining folds
2021-02-06 03:54:24,771:INFO:Declaring metric variables
2021-02-06 03:54:24,809:INFO:Importing untrained model
2021-02-06 03:54:24,811:INFO:Declaring custom model
2021-02-06 03:54:24,871:INFO:Voting Regressor Imported succesfully
2021-02-06 03:54:24,979:INFO:Starting cross validation
2021-02-06 03:54:24,987:INFO:Cross validating with KFold(n_splits=10, random_state=8696, shuffle=False), n_jobs=-1
2021-02-06 03:55:59,612:INFO:Calculating mean and std
2021-02-06 03:55:59,620:INFO:Creating metrics dataframe
2021-02-06 03:55:59,670:INFO:Finalizing model
2021-02-06 03:56:09,498:INFO:Uploading results into container
2021-02-06 03:56:09,500:INFO:Uploading model into container now
2021-02-06 03:56:09,501:INFO:create_model_container: 24
2021-02-06 03:56:09,503:INFO:master_model_container: 24
2021-02-06 03:56:09,507:INFO:display_container: 7
2021-02-06 03:56:09,515:INFO:TunableVotingRegressor(estimators=[('catboost',
                                    <catboost.core.CatBoostRegressor object at 0x7f7a8b7d2690>),
                                   ('xgboost',
                                    XGBRegressor(base_score=0.5,
                                                 booster='gbtree',
                                                 colsample_bylevel=1,
                                                 colsample_bynode=1,
                                                 colsample_bytree=1, gamma=0,
                                                 gpu_id=-1,
                                                 importance_type='gain',
                                                 interaction_constraints='',
                                                 learning_rate=0.300000012,
                                                 max_delta_step=0, max_depth=6,
                                                 min_child_weight=1,
                                                 missing=nan,
                                                 monotone_constraints='()',
                                                 n_estimators=100, n_jobs=-1,
                                                 num_parallel_tree=1,
                                                 objective='reg:squarederror',
                                                 random_state=8696, reg_alpha=0,
                                                 reg_lambda=1,
                                                 scale_pos_weight=1,
                                                 subsample=1,
                                                 tree_method='auto',
                                                 validate_parameters=1,
                                                 verbosity=0))],
                       n_jobs=-1, verbose=False, weight_0=1, weight_1=1,
                       weights=[1, 1])
2021-02-06 03:56:09,517:INFO:create_model() succesfully completed......................................
2021-02-06 03:56:09,653:INFO:SubProcess create_model() end ==================================
2021-02-06 03:56:09,767:INFO:create_model_container: 24
2021-02-06 03:56:09,770:INFO:master_model_container: 24
2021-02-06 03:56:09,771:INFO:display_container: 7
2021-02-06 03:56:09,786:INFO:TunableVotingRegressor(estimators=[('catboost',
                                    <catboost.core.CatBoostRegressor object at 0x7f7a8b7d2690>),
                                   ('xgboost',
                                    XGBRegressor(base_score=0.5,
                                                 booster='gbtree',
                                                 colsample_bylevel=1,
                                                 colsample_bynode=1,
                                                 colsample_bytree=1, gamma=0,
                                                 gpu_id=-1,
                                                 importance_type='gain',
                                                 interaction_constraints='',
                                                 learning_rate=0.300000012,
                                                 max_delta_step=0, max_depth=6,
                                                 min_child_weight=1,
                                                 missing=nan,
                                                 monotone_constraints='()',
                                                 n_estimators=100, n_jobs=-1,
                                                 num_parallel_tree=1,
                                                 objective='reg:squarederror',
                                                 random_state=8696, reg_alpha=0,
                                                 reg_lambda=1,
                                                 scale_pos_weight=1,
                                                 subsample=1,
                                                 tree_method='auto',
                                                 validate_parameters=1,
                                                 verbosity=0))],
                       n_jobs=-1, verbose=False, weight_0=1, weight_1=1,
                       weights=[1, 1])
2021-02-06 03:56:09,792:INFO:blend_models() succesfully completed......................................
